[    0.000000] Linux version 4.15.0-72-generic (buildd@lcy01-amd64-026) (gcc version 7.4.0 (Ubuntu 7.4.0-1ubuntu1~18.04.1)) #81-Ubuntu SMP Tue Nov 2612:2002 UC 2019 (Ubntu4.150-72.81-eneic 4.15.8)
[    0.000000] Command line: BOOT_IMAGE=/bot/vmlinu-4.15.0-72-generic root=UUID=dba4d46f-4a27-41aa-bb1-4098643d2c4e ro console=tty1 console=ttyS0
[    0.000000] KERNEL supported cpus:
[    0.000000]   Intel GenuineIntel
[    0.000000]   AMD AuthenticAMD
[    0.000000]   Centaur CentaurHauls
[    0.000000] x86/fpu: Supporting XSAVE feature 0x001: 'x87 floating point registers'
[   0.000000] x86/fpu: Supporting XSAVE feature 0x002: 'SSE registers'
[    0.000000] x86/fpu: Supporting XSAVE feature 0x004: 'AVX registers'
[    0.000000] x86/fpu: xstate_offset[2]:  576, xstate_sizes[2]:  256
[    0.000000] x86/fpu: Enabled xstate features 0x7, context size is 832 bytes, using 'standard' format.
[    0.000000] e820: BIOS-provided physical RAM map:
[   0.000000] BOS-e20: [mem0x0000000000000-x0000000009fbff] usable
[   0.00000]BIOS-e20: mem 0x00000000009fc00-0x00000000009fff] reservd
[   0.000000] BIO-e820: [mem 0x000000000f0000-0x000000000ffff] reserved
[    0.000000] BIOS-e820: [mem 0x0000000000100000-0x000000003ffeffff]usale
    0.00000]BIOS-e820: [mem 0x000000003fff0000-0x00000003ffffff]ACPI dta
    .00000] BIOS-e820: [mem 0x00000000fec00000-0x00000000fec00ff] esered
[    0000000] BIOS-e820: [mem 0x00000000fee00000-0x00000000fee00fff] reserved
[    0.000000] BIOS-e820: [mem 0x00000000fffc0000-0x00000000ffffffff] reserved
[    0.000000] NX (Execte Disable) protection: active
[   0.00000]SMIOS 2.5 present.
[   0.000000]DMI: innotek GmbH VirtualBoxVirtualBox, BIOS VirtualBox 12/01/2006
[    0.000000] Hypervisor detected: KVM
[    0.000000] e820: lsst_pfn = 0x3fff0 max_arch_pfn = 0x400000000
[    0.000000] MTRR: Disabled
[    0.000000] x86/PAT: MTRRs disabled, skipping AT initialization too.
[    0.000000] CPU MTRs all blank - virtualized system.
[    0.000000] x86/PAT: Configuration [0-7]: WB  WT  UC- UC  WB  WT  UC- UC  
[    0.000000] found SMP MP-table at [mem 0x0009fff0-0x0009ffff]
[   0.000000 Scaning 1 areas for low memory corrruption
[    0.000000] RAMDISK: [mem 0x35967000-0x36caafff]
[    0.000000]ACPI: Early table checksum verification disabled
[    0.000000] ACPI: RSDP 0x00000000000E0000 000024 (v02 VBOX  )
[    0.000000] ACPI: XSDT 0x000000003FFF0030 00003C (v01 VBOX   VBOXXSDT 00000001 ASL  00000061)
[    0.000000] ACPI: FACP 0x0000000FFF00F0 0000F4 (v04 VBOX   VBOXFACP 00000001 ASL  00000061)
[    0.000000] ACPI: DSDT 0x000000003FFF047 0021FF (v02 VBOX   VBOXBIOS 00000002 INTL 20100528)
[   0.000000] ACPI: FACS 0x000000003FFF0200 000040
[   0.000000] ACPI: FACS 0x000000003FFF0200 000040
[    0.000000] ACPI: APIC 0x000000003FFF0240 00005C (v02 VBOX   VBOXAPIC 00000001 ASL  00000061)
[    0.000000] ACPI: SSDT 0x000000003FFF02A0 0001CC (v01 VBOX   VOXCPUT 0000002 INTL 201000528)
[    0.000000] No NUMA coniguration found
[    0.000000] Faking a node at [mem 0x0000000000000000-0x000000003ffeffff]
[    0.000000] NODE_ATA(0) allocated [mem 0x3ffc5000-0x3ffeffff]
[    0.00000] kvm-clock: cpu 0, msr 0:3ff44001, primary cpu clock
[    0.000000] kvm-clock: Using msrs 4b564d01 and 4b564d00
[    .00000] kvm-clock: usng sched offset of 577218914 cyles
[    0.000000] locksource: vm-clck: mask 0xffffffffffffff max_cycles: 0x1cd42e4dffb, max_idle_ns: 8819059483 n
[   0.00000] one rangs:
[   0.00000]  DMA     mem x0000000000100-0000000000ffffff]
[   000000]   DMA32    [mem 0x0000000001000000-0x000000003ffeff]
[    0.000000]   Normal   empty
[   0.0000]   Dvice  emty
[    0.000000] Movable zone start for each node
[   0.00000] arly memory node ranges
[    0000000]  node   0 [mem 0x0000000000001000-0x000000000009efff]
    0.000000]   node   0: [mem 0x0000000000100000-0x000000003feffff]
[   0.0000] Rserved butunavilale: 8 paes
    .000000] Initmem setup noe 0 me 0x0000000000001000-0x000000003ffeffff]
[    0.000000] CPI: PM-Timer IO Pot: 04008
[    0.000000] IOAPIC[0]: apic_id 2, version 32, address 0xfec00000, GSI 0-23
[    0.000000] ACPI: INT_SRC_OVR (bus 0 bus_irq 0 global_irq 2 dfl dfl)
[    0.000000] ACPI: INT_SRC_OVR (bus 0 bus_irq 9 global_irq 9 low level)
[    0.000000] Using ACPI (MADT) for SMP configuration information
[    0.000000] smpboot: Allowing 2 CPUs, 0 hotplug CPUs
[    0.000000] PM: Registered nosave memory: [mem 0x00000000-0x00000fff]
[    0.000000] PM: Regiistered nosave memory: [mem 0x0009f000-0x0009ffff]
[    0.000000] PM: Registered nosave memory: [mem 0x000a0000-0x000effff]
[    0.000000] PM: Registered nosave memory: [mem 0x000f0000-0x000fffff]
[    0.000000] e820: [mem 0x40000000-0xfebfffff] available for PCI devices
[    0.000000] Booing arairtulize kerel o KVM
[    0.000000] clocksource: refined-jiffies: mask: 0xffffffff max_cycles: 0xfffffff, ax_ile_ns:7645190021158 ns
[   0.000000] random: get_random_bytes called from start_kernel+0x99/0x4fd with crng_init=0
[    0.000000] setup_percpu: NR_CPUS:8192 nr_cpumask_bits:2 nr_cpu_ids:2 nr_node_ids:1
[    0.000000] percpu: Embedded 45 pages/cpu s147456 r8192 d28672 u1048576
[    0.000000] PV qspinlock hash table entries: 256 (order: 0, 4096 bytes)
[    0.000000] Built 1 zonelists, mobility grouping on.  Total pages: 257913
[    0.000000 Policy one: DMA32
[    0.000000] Kernel command line: BOOT_IMAGE=/boot/vmlinuz-4.15.0-72-generic root=UUID=dba4d46f-4a27-41aa-b1b1-4098643d2c4e ro console=tty1 console=ttyS0
[    0.000000] Memory: 982868K/1048120K available (12300K kernel code, 2481K rwdata, 4264K rodata, 2428K init, 2388K bss, 65252K reserved, 0K cma-reserved)
[    0.000000] SLUB: HWalign=64, Order=0-3, MinObjects=0, CUs=2 Nods=
[   .00000] Kernel/User page tables isolation: enabled
[    000000] ftrae: alocaing 938 entries i 154paes
[    0.004000] Hierarchical RCU implementation.
[    0.004000] 	RCU restricting CPUs from NR_CPUS=8192 to nr_cpu_ids=2.
[    0.004000] 	asksRCU enabled.
[   0.0400] RCU Adjsting eomery fr rc_fanut_laf=1, nrcpu_ds2
[    0.004000] NR_IRQS: 5454, nr_irqs: 440, preallocated irqs: 16
[    0.004000] Console: colour VGA+ 80x25
[    0.004000] console [tty1] enabled
[    0.004000] console [ttyS0] enabled
[    0.004000] ACPI: Core revision 20170831
[    0.004000] ACPI: 2 ACPI AMLtables successfully acquired and loaded
[    0.004000] APIC: Switch to symmetric I/O mode setup
[    0.004000] x2apic enabled
[    0.004000] Switched APIC routing to physical x2apic.
[    0.007435] ..TIMER: vector=0x30 apic1=0 pin1=2 apic2=-1 pin2=-1
[    0.008012] tsc: Detected 1800.001 MHz processor
[    0.012025] Calibrating delay loop (skipped) preset value.. 3600.00 BogoMIPS (lpj=7200004)
[    0.016014] pid_max: default: 32768 minimum: 301
[    0.020095] Security Framework initialized
[    0.024015] Yama: becoming mindful.
[    0.028073] AppArmor: AppArmor initialized
[    0.036136] Dentry cache hash table entries: 131072 (order: 8, 1048576 bytes)
[    0.040117] Inode-cache hash table entries: 65536 (order: 7, 524288 bytes)
[    0.044039] Mount-cache hash table entries: 2048 (order: 2, 16384 bytes)
[    0.048024] Mountpoint-cache hash table entries: 2048 (order: 2, 16384 bytes)
[    0.052403] Last level iTLB entries: 4KB 64, 2MB 8, 4MB 8
[    0.056011] Last level dTLB entries: 4KB 64, 2MB 0, 4MB 0, 1GB 4
[    0.060014] Spectre V1 : Mitigation: usercopy/swapgs barriers and __user pointer sanitization
[    0.064013] Spectre V2 : Mitigation: Full generic retpoline
[    0.068010] Spectre V2 : Spectre v2 / SpectreRSB mitigation: Filling RSB on context switch
[    0.072012] Speculative Store Bypass: Vulnerable
[    0.076145] MDS: Vulnerable: Clear CPU buffers attempted, no microcode
[    0.080502] Freeing SMP alternatives memory: 36K
[    0.199040] smpboot: CPU0: Intel(R) Core(TM) i5-8250U CPU @ 1.60GHz (family: 0x6, model: 0x8e, stepping: 0xa)
[    0.200122] Performance Events: unsupported p6 CPU model 142 no PMU driver, software events only.
[    0.204048] Hierarchical SRCU implementation.
[    0.208714] NMI watchdog: Perf event create on CPU 0 failed with -2
[    0.211411] NMI watchdog: Perf NMI watchdog permanently disabled
[    0.212110] smp: Bringing up secondary CPUs ...
[    0.213847] x86: Booting SMP configuration:
[    0.216010] .... node  #0, CPUs:      #1
[    0.004000] kvm-clock: cpu 1, msr 0:3ff44041, secondary cpu clock
[    0.264037] smp: Brought up 1 node, 2 CPUs
[    0.268010] smpboot: Max logical packages: 1
[    0.272008] smpboot: Total of 2 processors activated (7200.00 BogoMIPS)
[    0.276297] devtmpfs: initialized
[    0.280202] x86/mm: Memory block size: 128MB
[    0.284460] evm: security.selinux
[    0.288018] evm: security.SMACK64
[    0.292008] evm: security.SMACK64EXEC
[    0.296008] evm: security.SMACK64TRANSMUTE
[    0.300010] evm: security.SMACK64MMAP
[    0.304009] evm: security.apparmor
[    0.308009] evm: security.ima
[    0.312007] evm: security.capability
[    0.316232] clocksource: jiffies: mask: 0xffffffff max_cycles: 0xffffffff, max_idle_ns: 7645041785100000 ns
[    0.320031] futex hash table entries: 512 (order: 3, 32768 bytes)
[    0.328027] pinctrl core: initialized pinctrl subsystem
[    0.332179] RTC time: 14:46:08, date: 01/01/20
[    0.333802] NET: Registered protocol family 16
[    0.336051] audit: initializing netlink subsys (disabled)
[    0.337830] audit: type=2000 audit(1577889957.870:1): state=initialized audit_enabled=0 res=1
[    0.340016] cpuidle: using governor ladder
[    0.341712] cpuidle: using governor menu
[    0.344094] ACPI: bus type PCI registered
[    0.348007] acpiphp: ACPI Hot Plug PCI Controller Driver version: 0.5
[    0.352174] PCI: Using configuration type 1 for base access
[    0.357612] HugeTLB registered 2.00 MiB page size, pre-allocated 0 pages
[    0.360187] ACPI: Added _OSI(Module Device)
[    0.364006] ACPI: Added _OSI(Processor Device)
[    0.365625] ACPI: Added _OSI(3.0 _SCP Extensions)
[    0.368014] ACPI: Added _OSI(Processor Aggregator Device)
[    0.372025] ACPI: Added _OSI(Linux-Dell-Video)
[    0.376027] ACPI: Added _OSI(Linux-Lenovo-NV-HDMI-Audio)
[    0.380026] ACPI: Added _OSI(Linux-HPI-Hybrid-Graphics)
[    0.384852] ACPI: Executed 1 blocks of module-level executable AML code
[    0.400035] ACPI: Interpreter enabled
[    0.404042] ACPI: (supports S0 S5)
[    0.408011] ACPI: Using IOAPIC for interrupt routing
[    0.412393] PCI: Using host bridge windows from ACPI; if necessary, use "pci=nocrs" and report a bug
[    0.415447] ACPI: Enabled 2 GPEs in block 00 to 07
[    0.425909] ACPI: PCI Root Bridge [PCI0] (domain 0000 [bus 00-ff])
[    0.428024] acpi PNP0A03:00: _OSC: OS supports [ASPM ClockPM Segments MSI]
[    0.432077] acpi PNP0A03:00: _OSC: not requesting OS control; OS requires [ExtendedConfig ASPM ClockPM MSI]
[    0.435755] acpi PNP0A03:00: fail to add MMCONFIG information, can't access extended PCI configuration space under this bridge.
[    0.436844] PCI host bridge to bus 0000:00
[    0.438424] pci_bus 0000:00: root bus resource [io  0x0000-0x0cf7 window]
[    0.440006] pci_bus 0000:00: root bus resource [io  0x0d00-0xffff window]
[    0.442343] pci_bus 0000:00: root bus resource [mem 0x000a0000-0x000bffff window]
[    0.444006] pci_bus 0000:00: root bus resource [mem 0x40000000-0xfdffffff window]
[    0.448008] pci_bus 0000:00: root bus resource [bus 00-ff]
[    0.454969] pci 0000:00:01.1: legacy IDE quirk: reg 0x10: [io  0x01f0-0x01f7]
[    0.456014] pci 0000:00:01.1: legacy IDE quirk: reg 0x14: [io  0x03f6]
[    0.460047] pci 0000:00:01.1: legacy IDE quirk: reg 0x18: [io  0x0170-0x0177]
[    0.464015] pci 0000:00:01.1: legacy IDE quirk: reg 0x1c: [io  0x0376]
[    0.501307] pci 0000:00:07.0: quirk: [io  0x4000-0x403f] claimed by PIIX4 ACPI
[    0.504052] pci 0000:00:07.0: quirk: [io  0x4100-0x410f] claimed by PIIX4 SMB
[    0.522542] ACPI: PCI Interrupt Link [LNKA] (IRQs 5 9 10 *11)
[    0.524620] ACPI: PCI Interrupt Link [LNKB] (IRQs 5 9 *10 11)
[    0.528258] ACPI: PCI Interrupt Link [LNKC] (IRQs 5 *9 10 11)
[    0.536235] ACPI: PCI Interrupt Link [LNKD] (IRQs 5 9 10 *11)
[    0.541067] SCSI subsystem initialized
[    0.544175] pci 0000:00:02.0: vgaarb: setting as boot VGA device
[    0.548000] pci 0000:00:02.0: vgaarb: VGA device added: decodes=io+mem,owns=io+mem,locks=none
[    0.548019] pci 0000:00:02.0: vgaarb: bridge control possible
[    0.552006] vgaarb: loaded
[    0.553185] ACPI: bus type USB registered
[    0.554729] usbcore: registered new interface driver usbfs
[    0.556018] usbcore: registered new interface driver hub
[    0.557984] usbcore: registered new device driver usb
[    0.560093] EDAC MC: Ver: 3.0.0
[    0.561629] PCI: Using ACPI for IRQ routing
[    0.564601] NetLabel: Initializing
[    0.568004] NetLabel:  domain hash size = 128
[    0.572005] NetLabel:  protocols = UNLABELED CIPSOv4 CALIPSO
[    0.576039] NetLabel:  unlabeled traffic allowed by default
[    0.580211] clocksource: Switched to clocksource kvm-clock
[    0.681953] VFS: isqutadquot_6.6.0
[    0.939265] VFS: Dquot-cache hash table entries: 512 (order 0, 4096 bytes)
[    0.944763] AppArmor: AppArmor Filesystem Enabled
[  0.4879] pnp: PnP ACPI init
[   1.137172] pn: P PIfod  dices

[    1.807976] clocksoure: acpi_: sk0xffff ma_cle 0fff,axdlns: 2085701024 ns

[    2.922673] NET: Registered protocol family 2
[    2.928810] TCP established hash table entries: 8192 (order: 4,65536 bes)
[    3.039820] TCP bind hash table entries: 8192 (order: 5, 131072 bytes)[   3.904] P:astaes confiured (established 8192 bid 8192)
    3.8692] U hash table entries: 512 (order: 2, 16384 bytes)
[    4.091250] UDP-Lite hash table entries: 512 (order: 2, 16384 bytes)
[    4.094386] NET: Registered protocol family 1
[    4.096591] pci 0000:00:00.0: Limiting direct P/PCI transfers
[    4.163772] pci 000000:01.0: Activatng IS D hg workarouns
  4.580872] i 000:.0Vio evice ith shadowed ROMt em0x0c000x0dff

[    6.007633] Unpacking initramfs...
[    6.674515] Freeing initrd memory: 19728K
[    6.757217] clocksource: tsc: mask: 0xffffffffffffffff max_cycles: 0x19f22aa45f0, max_idle_ns: 440795269146 ns
[    6.932777] platform rtc_cmos: registered platform RTC device (no PNP device found)
[    7.036035] Scanning for low memory corruption every 60 seconds
[    7.176920] Initialise system trusted keyrings
[    7.221659] Key type blacklist registered
[    7.248216] workingset: timestamp_bits=36 max_order=18 bucket_order=0
[    7.326339] zbud: loaded
[    7.352724] squashfs: version 4.0 (2009/01/31) Phillip Lougher
[   .4639 fe itAP vsi 726)
[    8.253364] Key type asymmetric registered
[    8.359760] Asymmetric key parser 'x509' registered
[    8.484122] Block layer SCSI generic (bsg) driver version 0.4 loaded (major 246)
[    8.644467] io scheduler noop registered
[    8.646045] io scheduler deadline registered
[    8.647842] io scheduler cfq registered (default)
[    8.650241] ACPI: AC Adapter [AC] (off-line)
[    8.652119] input: Power Button as /devices/LNXSYSTM:00/LNXPWRBN:00/input/input0
[    8.655184] ACPI: Power Button [PWRF]
[    8.656729] input: Sleep Button as /devices/LNXSYSTM:00/LNXSLPBN:00/input/input1
[    8.659379] ACPI: Sleep Button [SLPF]
[    8.662316] ACPI: Battery Slot [BAT0] (battery present)
[    8.664573] Serial: 8250/16550 driver, 32 ports, IRQ sharing enabled
[  86957 00:02:tt0  I/Ox3 (q  4 bseau= 1500) is a 160A

[    9.971729] Linux agpgart interface v0.103
[   10.118516] loop: module loaded
[   10.17760]csho0:taii

[  1085116] scsi host1: ta_piix
[   11.046]ata1PA max UDMA/33 md0x1f0 ctl 0x3f6 bmdma 0xd000 irq 14

[   11.5000]ta PA axUDMA3 d 0x170 ctl 0x376 bmdma 0xd008 irq 15

[   12.113359] libphy: Fixed MDIO Bus: probed
[   .115581] tu: ivsa T/T dic dve 1
[   13.138248] PPP generic driver version 2.4.2
[   13.141573] ehci_hcd: USB 2.0 'Enhanced' Host Controller (EHCI) Driver
[   13.163495] ehci-pci: EHCI PCI platform driver
[   13.165448] ehci-platform: EHCI generic platform driver
[   13.167444] ohci_hcd: USB 1.1 'Open' Host Controller (OHCI) Driver
[   13.169991] ohci-pci: OHCI PCI platform driver
[   13.172231] ohci-platform: OHCI generic platform driver
[   13.229900] uhci_hcd: USB Universal Host Controller Interface driver
[   13.232470] i8042: PNP: PS/2 Controller [PNP0303:PS2K,PNP0f03:PS2M] at 0x60,0x64 irq 1,12
[   13.244778] serio: i8042 KBD port at 0x60,0x64 irq 1
[   13.281482] serio: i8042 AUX port at 0x60,0x64 irq 12
[   13.439662] mousedev: PS/2 mouse device common for all mice
[   13.524795] rtc_cmos rtc_cmos: rtc core: registered rtc_cmos as rtc0
[   13.702051] rtc_cmos rtc_cmos: alarms up to one day, 114 bytes nvram
[   3.47627] input: AT Translated Set 2 keyboard as /devices/platform/i8042/serio0/input/input2
[   13.948921] i2c /dev entries driver
[   14.200725] device-mapper: uevent: version 1.0.3
[   14.250698] device-mapper: ioctl: 4.37.0-ioctl (2017-09-20) initialised: dm-devel@redhat.com
[   14.284072] ledtrig-cpu: registered to indicate activity on CPUs
[   14.292588] NET: Registered protocol family 10
[   14.299616] Segment Routing with IPv6
[   14.301145] NET: Registered protocol family 17
[   14.303281] Key type dns_resolver registered
[   14.305780] mce: Using 0 MCE banks
[   14.350343] RAS: Correctable Errors collector initialized.
[   14.367319] sched_clock: Marking stable (14367269851, 0)->(35361423974, -20994154123)
[   14.378033] registered taskstats version 1
[   14.379799] Loading compiled-in X.509 certificates
[   14.386012] Loaded X.509 cert 'Build time autogenerated kernel key: f4f7241365689b0cbe3898188e65e316fd8f978d'
[   14.537009] zswap: loaded using pool lzo/zbud
[   14.575291] Key type big_key registered
[   14.665936] Key type trusted registered
[   14.706497] Key type encrypted registered
[   14.736584] AppArmor: AppArmor sha1 policy hashing enabled
[   14.767439] ima: No TPM chip found, activating TPM-bypass! (rc=-19)
[   14.813141] ima: Allocated hash algorithm: sha1
[   14.881662] evm: HMAC attrs: 0x1
[   14.920487]   Magic number: 4:762:787
[   14.942450] rtc_cmos rtc_cmos: setting system clock to 2020-01-01 14:46:25 UTC (1577889985)
[   15.004348] BIOS EDD facility v0.16 2004-Jun-25, 0 devices found
[   15.048073] EDD information not available.
[   15.070299] Freeing unused kernel image memory: 2428K
[   15.088062] Write protecting the kernel read-only data: 20480k
[   15.126580] Freeing unused kernel image memory: 2008K
[   15.153608] Freeing unused kernel image memory: 1880K
[   15.209405] x86/mm: Checked W+X mappings: passed, no W+X pages found.
[   15.219835] x86/mm: Checking user space page tables
[   15.275526] x86/mm: Checked W+X mappings: passed, no W+X pages found.
Loading, please wait...
starting version 237
[   15.477041] e1000: Intel(R) PRO/1000 Network Driver - version 7.3.21-k8-NAPI
[   15.495081] e1000: Copyright (c) 1999-2006 Intel Corporation.
[   15.512846] Fusion MPT base driver 3.04.20
[   15.514846] Copyright (c) 1999-2008 LSI Corporation
[   15.521748] Fusion MPT SPI Host driver 3.04.20
[   15.550700] AVX2 version of gcm_enc/dec engaged.
[   15.566882] AES CTR mode by8 optimization enabled
[   15.731415] input: ImExPS/2 Generic Explorer Mouse as /devices/platform/i8042/serio1/input/input4
[   16.073788] e1000 0000:00:03.0 eth0: (PCI:33MHz:32-bit) 02:00:53:70:0f:50
[   16.193818] e1000 0000:00:03.0 eth0: Intel(R) PRO/1000 Network Connection
[   16.322804] mptbase: ioc0: Initiating bringup
[   16.477900] ioc0: LSI53C1030 A0: Capabilities={Initiator}
[   16.794550] scsi host2: ioc0: LSI53C1030 A0, FwRev=00000000h, Ports=1, MaxQ=256, IRQ=20
[   17.005557] scsi 2:0:0:0: Direct-Access     VBOX     HARDDISK         1.0  PQ: 0 ANSI: 5
[   17.103275] scsi target2:0:0: Beginning Domain Validation
[   17.136345] scsi target2:0:0: Domain Validation skipping write tests
[   17.179931] scsi target2:0:0: Ending Domain Validation
[   17.216435] scsi target2:0:0: asynchronous
[   17.231553] scsi 2:0:1:0: Direct-Access     VBOX     HARDDISK         1.0  PQ: 0 ANSI: 5
[   17.596272] scsi target2:0:1: Beginning Domain Validation
[   17.661287] random: fast init done
[   17.707429] scsi target2:0:1: Domain Validation skipping write tests
[   17.710965] scsi target2:0:1: Ending Domain Validation
[   17.713706] e1000 0000:00:08.0 eth1: (PCI:33MHz:32-bit) 08:00:27:60:88:d4
[   17.730926] random: systemd-udevd: uninitialized urandom read (16 bytes read)
[   17.770666] e1000 0000:00:08.0 eth1: Intel(R) PRO/1000 Network Connection
[   17.779109] scsi target2:0:1: asynchronous
[   17.783723] random: systemd-udevd: uninitialized urandom read (16 bytes read)
[   17.786575] random: systemd-udevd: uninitialized urandom read (16 bytes read)
[   17.796190] sd 2:0:0:0: Attached scsi generic sg0 type 0
[   17.797093] e1000 0000:00:08.0 enp0s8: renamed from eth1
[   17.829006] sd 2:0:1:0: Attached scsi generic sg1 type 0
[   17.852920] sd 2:0:0:0: [sda] 20971520 512-byte logical blocks: (10.7 GB/10.0 GiB)
[   17.854318] sd 2:0:1:0: [sdb] 20480 512-byte logical blocks: (10.5 MB/10.0 MiB)
[   17.887818] sd 2:0:0:0: [sda] Write Protect is off
[   17.888071] sd 2:0:1:0: [sdb] Write Protect is off
[   17.914226] sd 2:0:1:0: [sdb] Incomplete mode parameter data
[   17.929118] sd 2:0:1:0: [sdb] Assuming drive cache: write through
[   17.945140] sd 2:0:0:0: [sda] Incomplete mode parameter data
[   17.957697] sd 2:0:1:0: [sdb] Attached SCSI disk
[   17.970697] sd 2:0:0:0: [sda] Assuming drive cache: write through
[   18.037398] e1000 0000:00:03.0 enp0s3: renamed from eth0
[   18.098531]  sda: sda1
[   18.111210] sd 2:0:0:0: [sda] Attached SCSI disk
Begin: Loading essential drivers ... [   20.380818] raid6: sse2x1   gen()  4505 MB/s
[   20.444206] raid6: sse2x1   xor()  3144 MB/s
[   20.528132] raid6: sse2x2   gen()  5339 MB/s
[   20.620065] raid6: sse2x2   xor()  3665 MB/s
[   20.720394] raid6: sse2x4   gen()  6284 MB/s
[   20.832669] raid6: sse2x4   xor()  4058 MB/s
[   20.976116] raid6: avx2x1   gen()  9419 MB/s
[   21.064047] raid6: avx2x1   xor()  9328 MB/s
[   21.176173] raid6: avx2x2   gen() 14983 MB/s
[   21.228056] raid6: avx2x2   xor() 10606 MB/s
[   21.284499] raid6: avx2x4   gen() 19351 MB/s
[   21.372129] raid6: avx2x4   xor() 10879 MB/s
[   21.385503] raid6: using algorithm avx2x4 gen() 19351 MB/s
[   21.393379] raid6: .... xor() 10879 MB/s, rmw enabled
[   21.413828] raid6: using avx2x2 recovery algorithm
[   21.466350] xor: automatically using best checksumming function   avx       
[   21.496285] async_tx: api initialized (async)
done.
Begin: Running /scripts/init-premount ... done.
Begin: Mounting root file system ... Begin: Running /scripts/local-top ... done.
Begin: Running /scripts/local-premount ... [   21.595314] Btrfs loaded, crc32c=crc32c-intel
Scanning for Btrfs filesystems
done.
Warning: fsck not present, so skipping root file system
[   21.667250] EXT4-fs (sda1): mounted filesystem with ordered data mode. Opts: (null)
done.
Begin: Running /scripts/local-bottom ... done.
Begin: Running /scripts/init-bottom ... done.
[   21.914165] ip_tables: (C) 2000-2006 Netfilter Core Team
[   21.930850] systemd[1]: systemd 237 running in system mode. (+PAM +AUDIT +SELINUX +IMA +APPARMOR +SMACK +SYSVINIT +UTMP +LIBCRYPTSETUP +GCRYPT +GNUTLS +ACL +XZ +LZ4 +SECCOMP +BLKID +ELFUTILS +KMOD -IDN2 +IDN -PCRE2 default-hierarchy=hybrid)
[   22.085032] systemd[1]: Detected virtualization oracle.
[   22.092374] systemd[1]: Detected architecture x86-64.

Welcome to [1mUbuntu 18.04.3 LTS[0m!

[   22.178826] systemd[1]: Set hostname to <ubuntu-bionic>.
[   23.077535] systemd[1]: Reached target Swap.
[[0;32m  OK  [0m] Reached target Swap.
[   23.144972] systemd[1]: Created slice User and Session Slice.
[[0;32m  OK  [0m] Created slice User and Session Slice.
[   23.201108] systemd[1]: Reached target System Time Synchronized.
[[0;32m  OK  [0m] Reached target System Time Synchronized.
[   23.304885] systemd[1]: Reached target User and Group Name Lookups.
[[0;32m  OK  [0m] Reached target User and Group Name Lookups.
[   23.401545] systemd[1]: Set up automount Arbitrary Executable File Formats File System Automount Point.
[[0;32m  OK  [0m] Set up automount Arbitrary Executab…rmats File System Automount Point.
[   23.517433] systemd[1]: Started Forward Password Requests to Wall Directory Watch.
[[0;32m  OK  [0m] Started Forward Password Requests to Wall Directory Watch.
[[0;32m  OK  [0m] Created slice System Slice.
[[0;32m  OK  [0m] Reached target Slices.
[[0;32m  OK  [0m] Listening on /dev/initctl Compatibility Named Pipe.
[[0;32m  OK  [0m] Listening on Journal Socket.
         Starting Create list of required st…ce nodes for the current kernel...
         Starting Uncomplicated firewall...
         Starting Load Kernel Modules...[   23.792918] Loading iSCSI transport class v2.0-870.

         Mounting Kernel Debug File System...
         [   23.836531] iscsi: registered transport (tcp)
Starting Remount Root and Kernel File Systems...
[   23.873703] EXT4-fs (sda1): re-mounted. Opts: (null)
[[0;32m  OK  [0m] Listening on LVM2 poll daemon[   23.934675] iscsi: registered transport (iser)
 socket.
[[0;32m  OK  [0m] Listening on Network Service Netlink Socket.
[[0;32m  OK  [0m] Listening on Device-mapper event daemon FIFOs.
[[0;32m  OK  [0m] Listening on LVM2 metadata daemon socket.
         Starting Monitoring of LVM2 mirrors…ng dmeventd or progress polling...
[[0;32m  OK  [0m] Listening on udev Control Socket.
[[0;32m  OK  [0m] Listening on Journal Audit Socket.
         Mounting POSIX Message Queue File System...
[[0;32m  OK  [0m] Listening on udev Kernel Socket.
         Startin[   24.269013] random: crng init done
g Set the consol[   24.282024] random: 7 urandom warning(s) missed due to ratelimiting
e keyboard layout...
[[0;32m  OK  [0m] Listening on Syslog Socket.
[[0;32m  OK  [0m] Listening on Journal Socket (/dev/log).
         Mounting Huge Pages File System...
[[0;32m  OK  [0m] Created slice system-serial\x2dgetty.slice.
         Starting udev Coldplug all Devices...
         Starting Journal Service...
[[0;32m  OK  [0m] Started Create list of required sta…vice nodes for the current kernel.
[[0;32m  OK  [0m] Started Uncomplicated firewall.
[[0;32m  OK  [0m] Started Load Kernel Modules.
[[0;32m  OK  [0m] Mounted Kernel Debug File System.
[[0;32m  OK  [0m] Started Remount Root and Kernel File Systems.
[[0;32m  OK  [0m] Started Journal Service.
[[0;32m  OK  [0m] Mounted POSIX Message Queue File System.
[[0;32m  OK  [0m] Mounted Huge Pages File System.
[[0;32m  OK  [0m] Started LVM2 metadata daemon.
         Starting Load/Save Random Seed...
         Starting Flush Journal to Persistent Storage...
         Mounting FUSE Control File System...
         Mounting Kernel Configuration File System...
         Starting Apply Kernel Variables...
         Starting Create Static Device Nodes in /dev...
[[0;32m  OK  [0m] Started Monitoring of LVM2 mirrors,…sing dmeventd or progress polling.
[[0;32m  OK  [0m] Started udev Coldplug all Devices.
[[0;32m  OK  [0m] Started Load/Save Random Seed.
[[0;32m  OK  [0m] Mounted FUSE Control File System.
[[0;32m  OK  [0m] Mounted Kernel Configuration File System.
[[0;32m  OK  [0m] Started Apply Kernel Variables.
[[0;32m  OK  [0m] Started Create Static Device Nodes in /dev.
         Starting udev Kernel Device Manager...
[[0;32m  OK  [0m] Started udev Kernel Device Manager.
[[0;32m  OK  [0m] Started Flush Journal to Persistent Storage.
[[0;32m  OK  [0m] Found device /dev/ttyS0.
[[0;32m  OK  [0m] Listening on Load/Save RF Kill Switch Status /dev/rfkill Watch.
[[0;32m  OK  [0m] Started Set the console keyboard layout.
[[0;32m  OK  [0m] Reached target Local File Systems (Pre).
[[0;32m  OK  [0m] Reached target Local File Systems.
         Starting Set console font and keymap...
         Starting Tell Plymouth To Write Out Runtime Data...
         Starting Create Volatile Files and Directories...
         Starting AppArmor initialization...
         Starting ebtables ruleset management...
[[0;32m  OK  [0m] Started Dispatch Password Requests to Console Directory Watch.
[[0;32m  OK  [0m] Reached target Local Encrypted Volumes.
[[0;32m  OK  [0m] Started Set console font and keymap.
[[0;32m  OK  [0m] Started Tell Plymouth To Write Out Runtime Data.
[[0;32m  OK  [0m] Started Create Volatile Files and Directories.
         Starting Update UTMP about System Boot/Shutdown...
[[0;32m  OK  [0m] Started ebtables ruleset management.
[[0;32m  OK  [0m] Started Update UTMP about System Boot/Shutdown.
[[0;32m  OK  [0m] Started AppArmor initialization.
         Starting Initial cloud-init job (pre-networking)...
[   31.680142] cloud-init[647]: Cloud-init v. 19.2-36-g059d049c-0ubuntu2~18.04.1 running 'init-local' at Wed, 01 Jan 2020 14:46:41 +0000. Up 31.04 seconds.
[[0;32m  OK  [0m] Started Initial cloud-init job (pre-networking).
[[0;32m  OK  [0m] Reached target Network (Pre).
         Starting Network Service...
[[0;32m  OK  [0m] Started Network Service.
         Starting Wait for Network to be Configured...
         Starting Network Name Resolution...
[[0;32m  OK  [0m] Started Network Name Resolution.
[[0;32m  OK  [0m] Reached target Network.
[[0;32m  OK  [0m] Reached target Host and Network Name Lookups.
[[0;32m  OK  [0m] Started Wait for Network to be Configured.
         Starting Initial cloud-init job (metadata service crawler)...
[   35.458317] cloud-init[755]: Cloud-init v. 19.2-36-g059d049c-0ubuntu2~18.04.1 running 'init' at Wed, 01 Jan 2020 14:46:45 +0000. Up 35.07 seconds.
[   35.507943] cloud-init[755]: ci-info: ++++++++++++++++++++++++++++++++++++++Net device info+++++++++++++++++++++++++++++++++++++++
[   35.531547] cloud-init[755]: ci-info: +--------+------+-----------------------------+---------------+--------+-------------------+
[   35.550646] cloud-init[755]: ci-info: | Device |  Up  |           Address           |      Mask     | Scope  |     Hw-Address    |
[   35.576335] cloud-init[755]: ci-info: +--------+------+-----------------------------+---------------+--------+-------------------+
[   35.600731] cloud-init[755]: ci-info: | enp0s3 | True |          10.0.2.15          | 255.255.255.0 | global | 02:00:53:70:0f:50 |
[   35.627323] cloud-init[755]: ci-info: | enp0s3 | True |    fe80::53ff:fe70:f50/64   |       .       |  link  | 02:00:53:70:0f:50 |
[   35.637383] cloud-init[755]: ci-info: | enp0s8 | True |        192.168.33.10        | 255.255.255.0 | global | 08:00:27:60:88:d4 |
[   35.656888] cloud-init[755]: ci-info: | enp0s8 | True | fe80::a00:27ff:fe60:88d4/64 |       .       |  link  | 08:00:27:60:88:d4 |
[   35.686428] cloud-init[755]: ci-info: |   lo   | True |          127.0.0.1          |   255.0.0.0   |  host  |         .         |
[   35.706195] cloud-init[755]: ci-info: |   lo   | True |           ::1/128           |       .       |  host  |         .         |
[   35.734928] cloud-init[755]: ci-info: +--------+------+-----------------------------+---------------+--------+-------------------+
[   35.754157] cloud-init[755]: ci-info: +++++++++++++++++++++++++++++Route IPv4 info+++++++++++++++++++++++++++++
[   35.764423] cloud-init[755]: ci-info: +-------+--------------+----------+-----------------+-----------+-------+
[[0;32m  OK  [0m] Started Initial cloud-init job (metadata service crawler).
[   35.801283] [[0;32m  OK  [0m] Reached target System Initialization.
cloud-init[755]: ci-info: | Route | Destination  | Gateway  |     Genmask     | Interface | Flags |
[[0;32m  OK  [0m] Started Message of the Day.
[   35.820491] [cloud-init[0;32m  OK  [0m[755]: ] ci-info: +-------+--------------+----------+-----------------+-----------+-------+Started Daily Cleanup of Temporary Directories.

[[0;32m  OK  [0m] Started ACPI Events Check.
[   35.870888] cloud-init[755]: ci-info: |   0   |   0.0.0.0    | 10.0.2.2 |     0.0.0.0     |   enp0s3  |   UG  |         Starting LXD - unix socket.

         Starting Socket activation for snappy daemon.
[[0;32m  OK  [0m] Listening on ACPID Listen Socket.
[[0;32m  OK  [0m] Listening on Open-iSCSI iscsid Socket.
[   35.919320] cloud-init[[0;32m  OK  [0m] Listening on UUID daemon activation socket.
[[0;32m  OK  [0m] Listening on D-Bus System Message Bus Socket.
[[0;32m  OK  [0m] Started Daily apt download activities.
[[0;32m  OK  [0m] Started Daily apt upgrade and clean activities.
[755]: ci-info: |   1   |   10.0.2.0   | 0.0.0.0  |  255.255.255.0  |   enp0s3  |   U   |
[[0;32m  OK  [0m] Started Discard unused blocks once a week.
[[0;32m  OK  [0m] Reached target Timers.
[[0;32m  OK  [0m] Reached target Paths.
[   36.025175] cloud-init[755]: ci-info: |   2   |   10.0.2.2   | 0.0.0.0  | 255.255.255.255 |   enp0s3  |   UH  |
[[0;32m  OK  [0m] Reached target Cloud-config availability.
[[0;32m  OK  [0m] Reached target Network is Online.
[   36.095585] cloud-init[755]: ci-info: |   3   | 192.168.33.0 | 0.0.0.0  |  255.255.255.0  |   enp0s8  |   U   |
         Starting Availability of block devices...
[[0;32m  OK  [0m] Reached target Remote File Systems (Pre).
[   36.153400] [[0;32m  OK  [0m] Reached target Remote File Systems.
[[0;32m  OK  [0m] Listening on LXD - unix socket.
[[0;32m  OK  [0m] Listening on Socket activation for snappy daemon.
cloud-init[755]: ci-info: +-------+--------------+----------+-----------------+-----------+-------+
[[0;32m  OK  [0m] Started Availability of block devices.
[   36.237835] cloud-init[755]: ci-info: +++++++++++++++++++Route IPv6 info+++++++++++++++++++[[0;32m  OK  [0m] Reached target Sockets.
[[0;32m  OK  [0m] Reached target Basic System.

         Starting Accounts Service...
[   36.281626] cloud-init[755]: ci-info: +-------+-------------+---------+-----------+-------+
         Starting LSB: Record successful boot for GRUB...
[   36.302053] cloud-init[755]: ci-info: | Route | Destination | Gateway | Interface | Flags |
         [   36.373052] cloud-init[755]: ci-info: +-------+-------------+---------+-----------+-------+
[   36.373842] cloud-init[755]: ci-info: |   1   |  fe80::/64  |    ::   |   enp0s8  |   U   |
Starting Discard unused blocks...
[   36.374387] cloud-init[755]: ci-info: |   2   |  fe80::/64  |    ::   |   enp0s3  |   U   |
[[   36.483166] cloud-init[755]: ci-info: |   4   |    local    |    ::   |   enp0s3  |   U   |
[   36.484041] cloud-init[755]: ci-info: |   5   |    local    |    ::   |   enp0s8  |   U   |
[0;32m  OK  [0m] Started irqbalance daemon.
[   36.498634] cloud-init[755]: ci-info: |   6   |   ff00::/8  |    ::   |   enp0s8  |   U   |
         [   36.588981] cloud-init[755]: ci-info: |   7   |   ff00::/8  |    ::   |   enp0s3  |   U   |
[   36.591967] cloud-init[755]: ci-info: +-------+-------------+---------+-----------+-------+
Starting LSB: automatic crash report generation...
         Starting OpenBSD Secure Shell server...
[[0;32m  OK  [0m] Started Regular background program processing daemon.
         Starting vboxadd.service...
         Starting LXD - container startup/shutdown...
         Starting Message of the Day...
[[0;32m  OK  [0m] Started Deferred execution scheduler.
[[0;32m  OK  [0m] Started FUSE filesystem for LXC.
[[0;32m  OK  [0m] Started D-Bus System Message Bus.
         Starting Dispatcher daemon for systemd-networkd...
         Starting Snappy daemon...
         Starting Permit User Sessions...
         Starting Login Service...
         Starting System Logging Service...
[[0;32m  OK  [0m] Started Discard unused blocks.
[[0;32m  OK  [0m] Started OpenBSD Secure Shell server.
[[0;32m  OK  [0m] Started System Logging Service.
[[0;32m  OK  [0m] Started Permit User Sessions.
         Starting Hold until boot process finishes up...
         Starting Terminate Plymouth Boot Screen...
         Starting Authorization Manager...
[[0;32m  OK  [0m] Started Hold until boot process finishes up.
[[0;32m  OK  [0m] Started Terminate Plymouth Boot Screen.
[[0;32m  OK  [0m] Started Login Service.
[[0;32m  OK  [0m] Started LSB: automatic crash report generation.
[[0;32m  OK  [0m] Started Unattended Upgrades Shutdown.
[[0;32m  OK  [0m] Started Serial Getty on ttyS0.
         Starting Set console scheme...
[[0;32m  OK  [0m] Started LXD - container startup/shutdown.
[[0;32m  OK  [0m] Started LSB: Record successful boot for GRUB.
[[0;32m  OK  [0m] Started Set console scheme.
[[0;32m  OK  [0m] Created slice system-getty.slice.
[[0;32m  OK  [0m] Started Getty on tty1.
[[0;32m  OK  [0m] Reached target Login Prompts.
[[0;32m  OK  [0m] Created slice User Slice of vagrant.
[[0;32m  OK  [0m] Started Authorization Manager.
[[0;32m  OK  [0m] Started Accounts Service.
[[0;32m  OK  [0m] Started Session 1 of user vagrant.
         Starting User Manager for UID 1000...
[[0;32m  OK  [0m] Started Dispatcher daemon for systemd-networkd.
[[0;32m  OK  [0m] Started Snappy daemon.
         Starting Wait until snapd is fully seeded...
[[0;32m  OK  [0m] Started User Manager for UID 1000.
[[0;32m  OK  [0m] Started Wait until snapd is fully seeded.
         Starting Apply the settings specified in cloud-config...
[[0;32m  OK  [0m] Started vboxadd.service.
         Starting vboxadd-service.service...
[[0;32m  OK  [0m] Started vboxadd-service.service.
[[0;32m  OK  [0m] Reached target Multi-User System.
[[0;32m  OK  [0m] Reached target Graphical Interface.
         Starting Update UTMP about System Runlevel Changes...
[   42.985646] cloud-init[1160]: Cloud-init v. 19.2-36-g059d049c-0ubuntu2~18.04.1 running 'modules:config' at Wed, 01 Jan 2020 14:46:52 +0000. Up 42.37 seconds.

Ubuntu 18.04.3 LTS ubuntu-bionic ttyS0

ubuntu-bionic login: [   46.313001] cloud-init[1338]: Cloud-init v. 19.2-36-g059d049c-0ubuntu2~18.04.1 running 'modules:final' at Wed, 01 Jan 2020 14:46:56 +0000. Up 45.56 seconds.
[   46.313385] cloud-init[1338]: Cloud-init v. 19.2-36-g059d049c-0ubuntu2~18.04.1 finished at Wed, 01 Jan 2020 14:46:56 +0000. Datasource DataSourceNoCloud [seed=/dev/sdb][dsmode=net].  Up 46.26 seconds
[[0;32m  OK  [0m] Closed Load/Save RF Kill Switch Status /dev/rfkill Watch.
[[0;32m  OK  [0m] Stopped target Graphical Interface.
         Stopping Accounts Service...
         Stopping         Stopping Serial Getty on ttyS0...
         Stopping LSB: Record successful boot for GRUB...
         Stopping LSB: automatic crash report generation...
         Stopping D-Bus System Message Bus...
         Stopping Dispatcher daemon for systemd-networkd...
         Stopping Regular background program processing daemon...
         Stopping Authorization Manager...
         Stopping OpenBSD Secure Shell server...
         Stopping vboxadd-service.service...
         Stopping Session 9 of user vagrant.
         Stopping User Manager for UID 1000...
[[0;32m  OK  [0m] Stopped Apply the settings specified in cloud-config.
[[0;32m  OK  [0m] Stopped target Cloud-config availability.
[[0;32m  OK  [0m] Stopped target Network is Online.
[[0;32m  OK  [0m] Stopped Wait until snapd is fully seeded.
         Stopping Getty on tty1...
[[0;32m  OK  [0m] Unmounted /var/lib/lxcfs.
[[0;32m  OK  [0m] Stopped Accounts Service.
[[0;32m  OK  [0m] Stopped irqbalance daemon.
[[0;32m  OK  [0m] Stopped Regular background program processing daemon.
[[0;32m  OK  [0m] Stopped Deferred execution scheduler.
[[0;32m  OK  [0m] Stopped Dispatcher daemon for systemd-networkd.
[[0;32m  OK  [0m] Stopped System Logging Service.
[[0;32m  OK  [0m] Stopped OpenBSD Secure Shell server.
[[0;32m  OK  [0m] Stopped Authorization Manager.
[[0;32m  OK  [0m] Stopped Unattended Upgrades Shutdown.
[[0;32m  OK  [0m] Stopped Serial Getty on ttyS0.
[[0;32m  OK  [0m] Stopped Getty on tty1.
[[0;32m  OK  [0m] Stopped User Manager for UID 1000.
[[0;32m  OK  [0m] Stopped Availability of block devices.
[[0;32m  OK  [0m] Stopped D-Bus System Message Bus.
[[0;32m  OK  [0m] Stopped FUSE filesystem for LXC.
[[0;32m  OK  [0m] Stopped Session 9 of user vagrant.
[[0;32m  OK  [0m] Removed slice User Slice of vagrant.
[[0;32m  OK  [0m] Removed slice system-getty.slice.
         Stopping Permit User Sessions...
[[0;32m  OK  [0m] Removed slice system-serial\x2dgetty.slice.
         Stopping Login Service...
[[0;32m  OK  [0m] Stopped LXD - container startup/shutdown.
[[0;32m  OK  [0m] Stopped LSB: Record successful boot for GRUB.
[[0;32m  OK  [0m] Stopped LSB: automatic crash report generation.
[[0;32m  OK  [0m] Stopped Login Service.
[[0;32m  OK  [0m] Stopped vboxadd-service.service.
[[0;32m  OK  [0m] Stopped Permit User Sessions.
[[0;32m  OK  [0m] Stopped target Network.
         Stopping Network Name Resolution...
         Stopping vboxadd.service...
[[0;32m  OK  [0m] Stopped target User and Group Name Lookups.
[[0;32m  OK  [0m] Stopped target Remote File Systems.
[[0;32m  OK  [0m] Stopped target Remote File Systems (Pre).
[[0;32m  OK  [0m] Stopped Network Name Resolution.
[[0;32m  OK  [0m] Unmounted /home/vagrant/work.
[[0;32m  OK  [0m] Unmounted /vagrant.
[[0;32m  OK  [0m] Stopped vboxadd.service.
[[0;32m  OK  [0m] Stopped target Basic System.
[[0;32m  OK  [0m] Stopped target Slices.
[[0;32m  OK  [0m] Removed slice User and Session Slice.
[[0;32m  OK  [0m] Stopped target Sockets.
[[0;32m  OK  [0m] Closed LXD - unix socket.
[[0;32m  OK  [0m] Closed UUID daemon activation socket.
[[0;32m  OK  [0m] Closed Syslog Socket.
[[0;32m  OK  [0m] Closed D-Bus System Message Bus Socket.
[[0;32m  OK  [0m] Closed Socket activation for snappy daemon.
[[0;32m  OK  [0m] Closed ACPID Listen Socket.
[[0;32m  OK  [0m] Closed Open-iSCSI iscsid Socket.
[[0;32m  OK  [0m] Stopped target Paths.
[[0;32m  OK  [0m] Stopped ACPI Events Check.
[[0;32m  OK  [0m] Stopped target System Initialization.
[[0;32m  OK  [0m] Stopped target Local Encrypted Volumes.
[[0;32m  OK  [0m] Stopped Dispatch Password Requests to Console Directory Watch.
[[0;32m  OK  [0m] Stopped Forward Password Requests to Wall Directory Watch.
         Stopping Load/Save Random Seed...
         Stopping Update UTMP about System Boot/Shutdown...
[[0;32m  OK  [0m] Stopped Initial cloud-init job (metadata service crawler).
         Stopping Network Service...
[[0;32m  OK  [0m] Stopped Load/Save Random Seed.
[[0;32m  OK  [0m] Stopped Update UTMP about System Boot/Shutdown.
[[0;32m  OK  [0m] Stopped Network Service.
[[0;32m  OK  [0m] Stopped target Network (Pre).
[[0;32m  OK  [0m] Stopped Initial cloud-init job (pre-networking).
[[0;32m  OK  [0m] Stopped Apply Kernel Variables.
[[0;32m  OK  [0m] Stopped Load Kernel Modules.
[[0;32m  OK  [0m] Stopped Create Volatile Files and Directories.
[[0;32m  OK  [0m] Stopped target Local File Systems.
         Unmounting /run/user/1000...
[[0;32m  OK  [0m] Unmounted /run/user/1000.
[[0;32m  OK  [0m] Reached target Unmount All Filesystems.
[[0;32m  OK  [0m] Stopped target Swap.
[[0;32m  OK  [0m] Stopped target Local File Systems (Pre).
         Stopping Monitoring of LVM2 mirrors…ng dmeventd or progress polling...
[[0;32m  OK  [0m] Stopped Create Static Device Nodes in /dev.
[[0;32m  OK  [0m] Stopped Remount Root and Kernel File Systems.
[[0;32m  OK  [0m] Reached target Shutdown.
[[0;32m  OK  [0m] Reached target Final Step.
         Starting Power-Off...
[[0;32m  OK  [0m] Stopped Monitoring of LVM2 mirrors,…sing dmeventd or progress polling.
         Stopping LVM2 metadata daemon...
[[0;32m  OK  [0m] Stopped LVM2 metadata daemon.
[12256.716278] reboot: Power down
